# JRE version: OpenJDK Runtime Environment (8.0_152-b01) (build 1.8.0_152-release-1248-b01)
# Java VM: OpenJDK 64-Bit Server VM (25.152-b01 mixed mode bsd-amd64 compressed oops)
Heap:
 PSYoungGen      total 272384K, used 108549K [0x00000007aab00000, 0x00000007bf900000, 0x00000007c0000000)
  eden space 202752K, 52% used [0x00000007aab00000,0x00000007b12831d0,0x00000007b7100000)
  from space 69632K, 3% used [0x00000007b7100000,0x00000007b737e538,0x00000007bb500000)
  to   space 66560K, 0% used [0x00000007bb800000,0x00000007bb800000,0x00000007bf900000)
 ParOldGen       total 252416K, used 195988K [0x0000000780000000, 0x000000078f680000, 0x00000007aab00000)
  object space 252416K, 77% used [0x0000000780000000,0x000000078bf65070,0x000000078f680000)
 Metaspace       used 90980K, capacity 95182K, committed 95488K, reserved 1132544K
  class space    used 11360K, capacity 12229K, committed 12288K, reserved 1048576K
GC Heap History (10 events):
Event: 3115.235 GC heap before
{Heap before GC invocations=65 (full 6):
 PSYoungGen      total 269824K, used 207203K [0x00000007aab00000, 0x00000007c0000000, 0x00000007c0000000)
  eden space 187392K, 99% used [0x00000007aab00000,0x00000007b61bc4d0,0x00000007b6200000)
  from space 82432K, 24% used [0x00000007baf80000,0x00000007bc31c860,0x00000007c0000000)
  to   space 79360K, 0% used [0x00000007b6200000,0x00000007b6200000,0x00000007baf80000)
 ParOldGen       total 252416K, used 167175K [0x0000000780000000, 0x000000078f680000, 0x00000007aab00000)
  object space 252416K, 66% used [0x0000000780000000,0x000000078a341d00,0x000000078f680000)
 Metaspace       used 90433K, capacity 94578K, committed 94848K, reserved 1132544K
  class space    used 11277K, capacity 12139K, committed 12160K, reserved 1048576K
Event: 3115.245 GC heap after
Heap after GC invocations=65 (full 6):
 PSYoungGen      total 206336K, used 18811K [0x00000007aab00000, 0x00000007bf400000, 0x00000007c0000000)
  eden space 187392K, 0% used [0x00000007aab00000,0x00000007aab00000,0x00000007b6200000)
  from space 18944K, 99% used [0x00000007b6200000,0x00000007b745ecc8,0x00000007b7480000)
  to   space 74752K, 0% used [0x00000007bab00000,0x00000007bab00000,0x00000007bf400000)
 ParOldGen       total 252416K, used 177776K [0x0000000780000000, 0x000000078f680000, 0x00000007aab00000)
  object space 252416K, 70% used [0x0000000780000000,0x000000078ad9c018,0x000000078f680000)
 Metaspace       used 90433K, capacity 94578K, committed 94848K, reserved 1132544K
  class space    used 11277K, capacity 12139K, committed 12160K, reserved 1048576K
}
Event: 3115.284 GC heap before
{Heap before GC invocations=66 (full 6):
 PSYoungGen      total 206336K, used 206050K [0x00000007aab00000, 0x00000007bf400000, 0x00000007c0000000)
  eden space 187392K, 99% used [0x00000007aab00000,0x00000007b61d9c68,0x00000007b6200000)
  from space 18944K, 99% used [0x00000007b6200000,0x00000007b745ecc8,0x00000007b7480000)
  to   space 74752K, 0% used [0x00000007bab00000,0x00000007bab00000,0x00000007bf400000)
 ParOldGen       total 252416K, used 177776K [0x0000000780000000, 0x000000078f680000, 0x00000007aab00000)
  object space 252416K, 70% used [0x0000000780000000,0x000000078ad9c018,0x000000078f680000)
 Metaspace       used 90433K, capacity 94578K, committed 94848K, reserved 1132544K
  class space    used 11277K, capacity 12139K, committed 12160K, reserved 1048576K
Event: 3115.291 GC heap after
Heap after GC invocations=66 (full 6):
 PSYoungGen      total 263168K, used 128K [0x00000007aab00000, 0x00000007c0000000, 0x00000007c0000000)
  eden space 188416K, 0% used [0x00000007aab00000,0x00000007aab00000,0x00000007b6300000)
  from space 74752K, 0% used [0x00000007bab00000,0x00000007bab20000,0x00000007bf400000)
  to   space 73728K, 0% used [0x00000007b6300000,0x00000007b6300000,0x00000007bab00000)
 ParOldGen       total 252416K, used 195892K [0x0000000780000000, 0x000000078f680000, 0x00000007aab00000)
  object space 252416K, 77% used [0x0000000780000000,0x000000078bf4d070,0x000000078f680000)
 Metaspace       used 90433K, capacity 94578K, committed 94848K, reserved 1132544K
  class space    used 11277K, capacity 12139K, committed 12160K, reserved 1048576K
}
Event: 3115.323 GC heap before
{Heap before GC invocations=67 (full 6):
 PSYoungGen      total 263168K, used 188020K [0x00000007aab00000, 0x00000007c0000000, 0x00000007c0000000)
  eden space 188416K, 99% used [0x00000007aab00000,0x00000007b627d330,0x00000007b6300000)
  from space 74752K, 0% used [0x00000007bab00000,0x00000007bab20000,0x00000007bf400000)
  to   space 73728K, 0% used [0x00000007b6300000,0x00000007b6300000,0x00000007bab00000)
 ParOldGen       total 252416K, used 195892K [0x0000000780000000, 0x000000078f680000, 0x00000007aab00000)
  object space 252416K, 77% used [0x0000000780000000,0x000000078bf4d070,0x000000078f680000)
 Metaspace       used 90433K, capacity 94578K, committed 94848K, reserved 1132544K
  class space    used 11277K, capacity 12139K, committed 12160K, reserved 1048576K
Event: 3115.325 GC heap after
Heap after GC invocations=67 (full 6):
 PSYoungGen      total 262144K, used 128K [0x00000007aab00000, 0x00000007bfb00000, 0x00000007c0000000)
  eden space 188416K, 0% used [0x00000007aab00000,0x00000007aab00000,0x00000007b6300000)
  from space 73728K, 0% used [0x00000007b6300000,0x00000007b6320000,0x00000007bab00000)
  to   space 71680K, 0% used [0x00000007bb500000,0x00000007bb500000,0x00000007bfb00000)
 ParOldGen       total 252416K, used 195924K [0x0000000780000000, 0x000000078f680000, 0x00000007aab00000)
  object space 252416K, 77% used [0x0000000780000000,0x000000078bf55070,0x000000078f680000)
 Metaspace       used 90433K, capacity 94578K, committed 94848K, reserved 1132544K
  class space    used 11277K, capacity 12139K, committed 12160K, reserved 1048576K
}
Event: 3115.358 GC heap before
{Heap before GC invocations=68 (full 6):
 PSYoungGen      total 262144K, used 188439K [0x00000007aab00000, 0x00000007bfb00000, 0x00000007c0000000)
  eden space 188416K, 99% used [0x00000007aab00000,0x00000007b62e5de8,0x00000007b6300000)
  from space 73728K, 0% used [0x00000007b6300000,0x00000007b6320000,0x00000007bab00000)
  to   space 71680K, 0% used [0x00000007bb500000,0x00000007bb500000,0x00000007bfb00000)
 ParOldGen       total 252416K, used 195924K [0x0000000780000000, 0x000000078f680000, 0x00000007aab00000)
  object space 252416K, 77% used [0x0000000780000000,0x000000078bf55070,0x000000078f680000)
 Metaspace       used 90433K, capacity 94578K, committed 94848K, reserved 1132544K
  class space    used 11277K, capacity 12139K, committed 12160K, reserved 1048576K
Event: 3115.361 GC heap after
Heap after GC invocations=68 (full 6):
 PSYoungGen      total 273408K, used 128K [0x00000007aab00000, 0x00000007bfa00000, 0x00000007c0000000)
  eden space 202752K, 0% used [0x00000007aab00000,0x00000007aab00000,0x00000007b7100000)
  from space 70656K, 0% used [0x00000007bb500000,0x00000007bb520000,0x00000007bfa00000)
  to   space 69632K, 0% used [0x00000007b7100000,0x00000007b7100000,0x00000007bb500000)
 ParOldGen       total 252416K, used 195956K [0x0000000780000000, 0x000000078f680000, 0x00000007aab00000)
  object space 252416K, 77% used [0x0000000780000000,0x000000078bf5d070,0x000000078f680000)
 Metaspace       used 90433K, capacity 94578K, committed 94848K, reserved 1132544K
  class space    used 11277K, capacity 12139K, committed 12160K, reserved 1048576K
}
Event: 3147.056 GC heap before
{Heap before GC invocations=69 (full 6):
 PSYoungGen      total 273408K, used 202880K [0x00000007aab00000, 0x00000007bfa00000, 0x00000007c0000000)
  eden space 202752K, 100% used [0x00000007aab00000,0x00000007b7100000,0x00000007b7100000)
  from space 70656K, 0% used [0x00000007bb500000,0x00000007bb520000,0x00000007bfa00000)
  to   space 69632K, 0% used [0x00000007b7100000,0x00000007b7100000,0x00000007bb500000)
 ParOldGen       total 252416K, used 195956K [0x0000000780000000, 0x000000078f680000, 0x00000007aab00000)
  object space 252416K, 77% used [0x0000000780000000,0x000000078bf5d070,0x000000078f680000)
 Metaspace       used 90900K, capacity 95176K, committed 95488K, reserved 1132544K
  class space    used 11360K, capacity 12228K, committed 12288K, reserved 1048576K
Event: 3147.061 GC heap after
Heap after GC invocations=69 (full 6):
 PSYoungGen      total 272384K, used 2553K [0x00000007aab00000, 0x00000007bf900000, 0x00000007c0000000)
  eden space 202752K, 0% used [0x00000007aab00000,0x00000007aab00000,0x00000007b7100000)
  from space 69632K, 3% used [0x00000007b7100000,0x00000007b737e538,0x00000007bb500000)
  to   space 66560K, 0% used [0x00000007bb800000,0x00000007bb800000,0x00000007bf900000)
 ParOldGen       total 252416K, used 195988K [0x0000000780000000, 0x000000078f680000, 0x00000007aab00000)
  object space 252416K, 77% used [0x0000000780000000,0x000000078bf65070,0x000000078f680000)
 Metaspace       used 90900K, capacity 95176K, committed 95488K, reserved 1132544K
  class space    used 11360K, capacity 12228K, committed 12288K, reserved 1048576K
}

